<?xml version="1.0" encoding="UTF-8"?>
<!-- Generated by org.testng.reporters.JUnitXMLReporter -->
<testsuite hostname="DESKTOP-LP3SET9" ignored="0" name="Test" tests="4" failures="1" timestamp="2023-02-22T15:09:34 IST" time="0.108" errors="0">
  <testcase name="test" time="0.018" classname="LIMS.ims.pratice.TestNgPractice">
    <failure type="java.lang.AssertionError" message="null">
      <![CDATA[java.lang.AssertionError: null
at LIMS.ims.pratice.TestNgPractice.test(TestNgPractice.java:40)
at java.util.ArrayList.forEach(Unknown Source)
... Removed 29 stack frames]]>
    </failure>
  </testcase> <!-- test -->
  <testcase name="test1" time="0.003" classname="LIMS.ims.pratice.TestNgPractice"/>
  <testcase name="test2" time="0.002" classname="LIMS.ims.pratice.TestNgPractice"/>
  <testcase name="test1" time="0.002" classname="LIMS.ims.pratice.TestNGPractice2"/>
</testsuite> <!-- Test -->
