<?xml version="1.0" encoding="UTF-8"?>
<testng-results skipped="0" failed="1" ignored="0" total="1" passed="0">
  <reporter-output>
  </reporter-output>
  <suite name="Default suite" duration-ms="7062" started-at="2023-03-03T15:34:17 IST" finished-at="2023-03-03T15:34:24 IST">
    <groups>
      <group name="sanity">
        <method signature="AddClientTest.addClientTest()[pri:0, instance:Org_InsuranceDomain_Clients.AddClientTest@6950e31]" name="addClientTest" class="Org_InsuranceDomain_Clients.AddClientTest"/>
      </group> <!-- sanity -->
    </groups>
    <test name="Default test" duration-ms="7062" started-at="2023-03-03T15:34:17 IST" finished-at="2023-03-03T15:34:24 IST">
      <class name="Org_InsuranceDomain_Clients.AddClientTest">
        <test-method status="PASS" signature="intializeUtilitiesSetUp()[pri:0, instance:Org_InsuranceDomain_Clients.AddClientTest@6950e31]" name="intializeUtilitiesSetUp" is-config="true" duration-ms="1277" started-at="2023-03-03T15:34:17 IST" finished-at="2023-03-03T15:34:18 IST">
          <reporter-output>
          </reporter-output>
        </test-method> <!-- intializeUtilitiesSetUp -->
        <test-method status="PASS" signature="beforeMethodSetup(java.lang.String)[pri:0, instance:Org_InsuranceDomain_Clients.AddClientTest@6950e31]" name="beforeMethodSetup" is-config="true" duration-ms="4684" started-at="2023-03-03T15:34:18 IST" finished-at="2023-03-03T15:34:23 IST">
          <params>
            <param index="0">
              <value is-null="true"/>
            </param>
          </params>
          <reporter-output>
          </reporter-output>
        </test-method> <!-- beforeMethodSetup -->
        <test-method status="FAIL" signature="addClientTest()[pri:0, instance:Org_InsuranceDomain_Clients.AddClientTest@6950e31]" name="addClientTest" duration-ms="605" started-at="2023-03-03T15:34:23 IST" finished-at="2023-03-03T15:34:24 IST">
          <exception class="java.lang.NullPointerException">
            <full-stacktrace>
              <![CDATA[java.lang.NullPointerException
at Org_InsuranceDomain_Clients.AddClientTest.addClientTest(AddClientTest.java:33)
at sun.reflect.NativeMethodAccessorImpl.invoke0(Native Method)
at sun.reflect.NativeMethodAccessorImpl.invoke(Unknown Source)
at sun.reflect.DelegatingMethodAccessorImpl.invoke(Unknown Source)
at java.lang.reflect.Method.invoke(Unknown Source)
at org.testng.internal.MethodInvocationHelper.invokeMethod(MethodInvocationHelper.java:133)
at org.testng.internal.TestInvoker.invokeMethod(TestInvoker.java:598)
at org.testng.internal.TestInvoker.invokeTestMethod(TestInvoker.java:173)
at org.testng.internal.MethodRunner.runInSequence(MethodRunner.java:46)
at org.testng.internal.TestInvoker$MethodInvocationAgent.invoke(TestInvoker.java:824)
at org.testng.internal.TestInvoker.invokeTestMethods(TestInvoker.java:146)
at org.testng.internal.TestMethodWorker.invokeTestMethods(TestMethodWorker.java:146)
at org.testng.internal.TestMethodWorker.run(TestMethodWorker.java:128)
at java.util.ArrayList.forEach(Unknown Source)
at org.testng.TestRunner.privateRun(TestRunner.java:794)
at org.testng.TestRunner.run(TestRunner.java:596)
at org.testng.SuiteRunner.runTest(SuiteRunner.java:377)
at org.testng.SuiteRunner.runSequentially(SuiteRunner.java:371)
at org.testng.SuiteRunner.privateRun(SuiteRunner.java:332)
at org.testng.SuiteRunner.run(SuiteRunner.java:276)
at org.testng.SuiteRunnerWorker.runSuite(SuiteRunnerWorker.java:53)
at org.testng.SuiteRunnerWorker.run(SuiteRunnerWorker.java:96)
at org.testng.TestNG.runSuitesSequentially(TestNG.java:1212)
at org.testng.TestNG.runSuitesLocally(TestNG.java:1134)
at org.testng.TestNG.runSuites(TestNG.java:1063)
at org.testng.TestNG.run(TestNG.java:1031)
at org.testng.remote.AbstractRemoteTestNG.run(AbstractRemoteTestNG.java:115)
at org.testng.remote.RemoteTestNG.initAndRun(RemoteTestNG.java:251)
at org.testng.remote.RemoteTestNG.main(RemoteTestNG.java:77)
]]>
            </full-stacktrace>
          </exception> <!-- java.lang.NullPointerException -->
          <reporter-output>
          </reporter-output>
        </test-method> <!-- addClientTest -->
        <test-method status="PASS" signature="tearDown()[pri:0, instance:Org_InsuranceDomain_Clients.AddClientTest@6950e31]" name="tearDown" is-config="true" duration-ms="423" started-at="2023-03-03T15:34:24 IST" finished-at="2023-03-03T15:34:24 IST">
          <reporter-output>
          </reporter-output>
        </test-method> <!-- tearDown -->
        <test-method status="PASS" signature="initialisationTearDown()[pri:0, instance:Org_InsuranceDomain_Clients.AddClientTest@6950e31]" name="initialisationTearDown" is-config="true" duration-ms="1" started-at="2023-03-03T15:34:24 IST" finished-at="2023-03-03T15:34:24 IST">
          <reporter-output>
          </reporter-output>
        </test-method> <!-- initialisationTearDown -->
      </class> <!-- Org_InsuranceDomain_Clients.AddClientTest -->
    </test> <!-- Default test -->
  </suite> <!-- Default suite -->
</testng-results>
